<?xml version="1.0" encoding="UTF-8"?>
<testsuite name="JUnit Jupiter" tests="1" skipped="0" failures="0" errors="0" time="0.202" hostname="gabriel-Swift-SF314-51" timestamp="2024-01-29T23:10:54">
<properties>
<property name="CONSOLE_LOG_CHARSET" value="UTF-8"/>
<property name="FILE_LOG_CHARSET" value="UTF-8"/>
<property name="PID" value="12498"/>
<property name="file.encoding" value="UTF-8"/>
<property name="file.separator" value="/"/>
<property name="java.awt.headless" value="true"/>
<property name="java.class.path" value=""/>
<property name="java.class.version" value="65.0"/>
<property name="java.endorsed.dirs" value=""/>
<property name="java.ext.dirs" value=""/>
<property name="java.io.tmpdir" value="/tmp"/>
<property name="java.library.path" value="/usr/lib64:/lib64:/lib:/usr/lib"/>
<property name="java.runtime.name" value="GraalVM Runtime Environment"/>
<property name="java.runtime.version" value="21.0.2+13-LTS-jvmci-23.1-b30"/>
<property name="java.specification.name" value="Java Platform API Specification"/>
<property name="java.specification.vendor" value="Oracle Corporation"/>
<property name="java.specification.version" value="21"/>
<property name="java.vendor" value="Oracle Corporation"/>
<property name="java.vendor.url" value="https://www.graalvm.org/"/>
<property name="java.vendor.version" value="Oracle GraalVM 21.0.2+13.1"/>
<property name="java.version" value="21.0.2"/>
<property name="java.version.date" value="2024-01-16"/>
<property name="java.vm.info" value="serial gc, compressed references"/>
<property name="java.vm.name" value="Substrate VM"/>
<property name="java.vm.specification.name" value="Java Virtual Machine Specification"/>
<property name="java.vm.specification.vendor" value="Oracle Corporation"/>
<property name="java.vm.specification.version" value="21"/>
<property name="java.vm.vendor" value="Oracle Corporation"/>
<property name="java.vm.version" value="21.0.2+13-LTS"/>
<property name="jdk.lang.Process.launchMechanism" value="FORK"/>
<property name="line.separator" value="
"/>
<property name="native.encoding" value="UTF-8"/>
<property name="org.graalvm.nativeimage.imagecode" value="runtime"/>
<property name="org.graalvm.nativeimage.kind" value="executable"/>
<property name="os.arch" value="amd64"/>
<property name="os.name" value="Linux"/>
<property name="os.version" value="6.5.0-15-generic"/>
<property name="path.separator" value=":"/>
<property name="stderr.encoding" value="UTF-8"/>
<property name="stdout.encoding" value="UTF-8"/>
<property name="sun.arch.data.model" value="64"/>
<property name="sun.jnu.encoding" value="UTF-8"/>
<property name="user.dir" value="/home/gabriel/Documents/Workspace/aviation"/>
<property name="user.home" value="/home/gabriel"/>
<property name="user.name" value="gabriel"/>
<property name="user.timezone" value="Europe/Rome"/>
</properties>
<testcase name="fetchAircrafts_success()" classname="com.demo.aviation.services.AircraftServiceTest" time="0.011">
<system-out><![CDATA[
unique-id: [engine:junit-jupiter]/[class:com.demo.aviation.services.AircraftServiceTest]/[method:fetchAircrafts_success()]
display-name: fetchAircrafts_success()
]]></system-out>
</testcase>
<system-out><![CDATA[
unique-id: [engine:junit-jupiter]
display-name: JUnit Jupiter
]]></system-out>
</testsuite>
